[debug] [2025-03-30T14:59:47.656Z] ----------------------------------------------------------------------
[debug] [2025-03-30T14:59:47.659Z] Command:       C:\Program Files\nodejs\node.exe C:\Users\masato\AppData\Roaming\npm\node_modules\firebase-tools\lib\bin\firebase.js deploy
[debug] [2025-03-30T14:59:47.659Z] CLI Version:   13.35.1
[debug] [2025-03-30T14:59:47.660Z] Platform:      win32
[debug] [2025-03-30T14:59:47.660Z] Node Version:  v22.11.0
[debug] [2025-03-30T14:59:47.660Z] Time:          Sun Mar 30 2025 23:59:47 GMT+0900 (日本標準時)
[debug] [2025-03-30T14:59:47.660Z] ----------------------------------------------------------------------
[debug] 
[debug] [2025-03-30T14:59:47.664Z] >>> [apiv2][query] GET https://firebase-public.firebaseio.com/cli.json [none]
[debug] [2025-03-30T14:59:47.905Z] > command requires scopes: ["email","openid","https://www.googleapis.com/auth/cloudplatformprojects.readonly","https://www.googleapis.com/auth/firebase","https://www.googleapis.com/auth/cloud-platform"]
[debug] [2025-03-30T14:59:47.905Z] > authorizing via signed-in user (gaoqiaozhengren90@gmail.com)
[debug] [2025-03-30T14:59:47.905Z] [iam] checking project itsmgitsmg-takahashi for permissions ["datastore.indexes.create","datastore.indexes.delete","datastore.indexes.list","datastore.indexes.update","firebase.projects.get","firebasehosting.sites.update"]
[debug] [2025-03-30T14:59:47.906Z] Checked if tokens are valid: false, expires at: 1742912023205
[debug] [2025-03-30T14:59:47.906Z] Checked if tokens are valid: false, expires at: 1742912023205
[debug] [2025-03-30T14:59:47.907Z] > refreshing access token with scopes: []
[debug] [2025-03-30T14:59:47.907Z] >>> [apiv2][query] POST https://www.googleapis.com/oauth2/v3/token [none]
[debug] [2025-03-30T14:59:47.908Z] >>> [apiv2][body] POST https://www.googleapis.com/oauth2/v3/token [omitted]
[debug] [2025-03-30T14:59:48.087Z] <<< [apiv2][status] POST https://www.googleapis.com/oauth2/v3/token 200
[debug] [2025-03-30T14:59:48.087Z] <<< [apiv2][body] POST https://www.googleapis.com/oauth2/v3/token [omitted]
[debug] [2025-03-30T14:59:48.096Z] >>> [apiv2][query] POST https://cloudresourcemanager.googleapis.com/v1/projects/itsmgitsmg-takahashi:testIamPermissions [none]
[debug] [2025-03-30T14:59:48.096Z] >>> [apiv2][(partial)header] POST https://cloudresourcemanager.googleapis.com/v1/projects/itsmgitsmg-takahashi:testIamPermissions x-goog-quota-user=projects/itsmgitsmg-takahashi
[debug] [2025-03-30T14:59:48.096Z] >>> [apiv2][body] POST https://cloudresourcemanager.googleapis.com/v1/projects/itsmgitsmg-takahashi:testIamPermissions {"permissions":["datastore.indexes.create","datastore.indexes.delete","datastore.indexes.list","datastore.indexes.update","firebase.projects.get","firebasehosting.sites.update"]}
[debug] [2025-03-30T14:59:48.293Z] <<< [apiv2][status] GET https://firebase-public.firebaseio.com/cli.json 200
[debug] [2025-03-30T14:59:48.294Z] <<< [apiv2][body] GET https://firebase-public.firebaseio.com/cli.json {"cloudBuildErrorAfter":1594252800000,"cloudBuildWarnAfter":1590019200000,"defaultNode10After":1594252800000,"minVersion":"3.0.5","node8DeploysDisabledAfter":1613390400000,"node8RuntimeDisabledAfter":1615809600000,"node8WarnAfter":1600128000000}
[debug] [2025-03-30T14:59:48.861Z] <<< [apiv2][status] POST https://cloudresourcemanager.googleapis.com/v1/projects/itsmgitsmg-takahashi:testIamPermissions 200
[debug] [2025-03-30T14:59:48.861Z] <<< [apiv2][body] POST https://cloudresourcemanager.googleapis.com/v1/projects/itsmgitsmg-takahashi:testIamPermissions {}
[debug] [2025-03-30T14:59:48.862Z] [iam] error while checking permissions, command may fail: Authorization failed. This account is missing the following required permissions on project itsmgitsmg-takahashi:

  datastore.indexes.create
  datastore.indexes.delete
  datastore.indexes.list
  datastore.indexes.update
  firebase.projects.get
  firebasehosting.sites.update
[debug] [2025-03-30T14:59:48.862Z] Checked if tokens are valid: true, expires at: 1743350387087
[debug] [2025-03-30T14:59:48.862Z] Checked if tokens are valid: true, expires at: 1743350387087
[debug] [2025-03-30T14:59:48.862Z] >>> [apiv2][query] GET https://firebase.googleapis.com/v1beta1/projects/itsmgitsmg-takahashi [none]
[debug] [2025-03-30T14:59:49.287Z] <<< [apiv2][status] GET https://firebase.googleapis.com/v1beta1/projects/itsmgitsmg-takahashi 403
[debug] [2025-03-30T14:59:49.287Z] <<< [apiv2][body] GET https://firebase.googleapis.com/v1beta1/projects/itsmgitsmg-takahashi {"error":{"code":403,"message":"The caller does not have permission","status":"PERMISSION_DENIED"}}
[debug] [2025-03-30T14:59:49.288Z] Request to https://firebase.googleapis.com/v1beta1/projects/itsmgitsmg-takahashi had HTTP Error: 403, The caller does not have permission
[debug] [2025-03-30T14:59:49.288Z] FirebaseError: Request to https://firebase.googleapis.com/v1beta1/projects/itsmgitsmg-takahashi had HTTP Error: 403, The caller does not have permission
    at responseToError (C:\Users\masato\AppData\Roaming\npm\node_modules\firebase-tools\lib\responseToError.js:52:12)
    at RetryOperation._fn (C:\Users\masato\AppData\Roaming\npm\node_modules\firebase-tools\lib\apiv2.js:312:77)
    at process.processTicksAndRejections (node:internal/process/task_queues:105:5)
[error] 
[error] Error: Failed to get Firebase project itsmgitsmg-takahashi. Please make sure the project exists and your account has permission to access it.
