[debug] [2025-03-13T12:26:42.059Z] ----------------------------------------------------------------------
[debug] [2025-03-13T12:26:42.062Z] Command:       C:\Program Files\nodejs\node.exe C:\Users\masato\AppData\Roaming\npm\node_modules\firebase-tools\lib\bin\firebase.js init
[debug] [2025-03-13T12:26:42.062Z] CLI Version:   13.34.0
[debug] [2025-03-13T12:26:42.062Z] Platform:      win32
[debug] [2025-03-13T12:26:42.062Z] Node Version:  v22.11.0
[debug] [2025-03-13T12:26:42.062Z] Time:          Thu Mar 13 2025 21:26:42 GMT+0900 (日本標準時)
[debug] [2025-03-13T12:26:42.062Z] ----------------------------------------------------------------------
[debug] 
[debug] [2025-03-13T12:26:42.070Z] > command requires scopes: ["email","openid","https://www.googleapis.com/auth/cloudplatformprojects.readonly","https://www.googleapis.com/auth/firebase","https://www.googleapis.com/auth/cloud-platform"]
[debug] [2025-03-13T12:26:42.071Z] > authorizing via signed-in user (yosiyama0712@gmail.com)
[info] 
     ######## #### ########  ######## ########     ###     ######  ########
     ##        ##  ##     ## ##       ##     ##  ##   ##  ##       ##
     ######    ##  ########  ######   ########  #########  ######  ######
     ##        ##  ##    ##  ##       ##     ## ##     ##       ## ##
     ##       #### ##     ## ######## ########  ##     ##  ######  ########

You're about to initialize a Firebase project in this directory:

  C:\Users\masato\Desktop\なんか作る会\Androidアプリ\todo-app

[info] 
=== Project Setup
[info] 
[info] First, let's associate this project directory with a Firebase project.
[info] You can create multiple project aliases by running firebase use --add, 
[info] but for now we'll just set up a default project.
[info] 
